[2023-09-07 00:08:33.461] [WARN ] [HikariPool-1 housekeeper] com.zaxxer.hikari.pool.HikariPool HikariPool-1 - Thread starvation or clock leap detected (housekeeper delta=16m43s838ms).
[2023-09-07 00:24:35.499] [INFO ] [kafka-producer-network-thread | producer-1] org.apache.kafka.clients.NetworkClient [Producer clientId=producer-1] Node 1001 disconnected.
[2023-09-07 00:24:35.514] [INFO ] [kafka-producer-network-thread | producer-1] org.apache.kafka.clients.NetworkClient [Producer clientId=producer-1] Cancelled in-flight METADATA request with correlation id 114 due to node 1001 being disconnected (elapsed time since creation: 968254ms, elapsed time since send: 968254ms, request timeout: 30000ms)
[2023-09-07 01:02:02.668] [WARN ] [HikariPool-1 housekeeper] com.zaxxer.hikari.pool.HikariPool HikariPool-1 - Thread starvation or clock leap detected (housekeeper delta=53m29s207ms).
[2023-09-07 01:34:25.002] [INFO ] [kafka-producer-network-thread | producer-1] org.apache.kafka.clients.NetworkClient [Producer clientId=producer-1] Node 1001 disconnected.
[2023-09-07 01:34:25.006] [INFO ] [kafka-producer-network-thread | producer-1] org.apache.kafka.clients.NetworkClient [Producer clientId=producer-1] Cancelled in-flight METADATA request with correlation id 117 due to node 1001 being disconnected (elapsed time since creation: 1000225ms, elapsed time since send: 1000225ms, request timeout: 30000ms)
[2023-09-07 02:26:01.054] [WARN ] [HikariPool-1 housekeeper] com.zaxxer.hikari.pool.HikariPool HikariPool-1 - Thread starvation or clock leap detected (housekeeper delta=1h23m58s384ms).
[2023-09-07 02:59:53.986] [INFO ] [kafka-producer-network-thread | producer-1] org.apache.kafka.clients.NetworkClient [Producer clientId=producer-1] Node 1001 disconnected.
[2023-09-07 02:59:53.998] [INFO ] [kafka-producer-network-thread | producer-1] org.apache.kafka.clients.NetworkClient [Producer clientId=producer-1] Cancelled in-flight METADATA request with correlation id 120 due to node 1001 being disconnected (elapsed time since creation: 1016169ms, elapsed time since send: 1016169ms, request timeout: 30000ms)
[2023-09-07 03:32:31.509] [WARN ] [HikariPool-1 housekeeper] com.zaxxer.hikari.pool.HikariPool HikariPool-1 - Thread starvation or clock leap detected (housekeeper delta=1h6m30s456ms).
[2023-09-07 04:21:08.941] [INFO ] [kafka-producer-network-thread | producer-1] org.apache.kafka.clients.NetworkClient [Producer clientId=producer-1] Node 1001 disconnected.
[2023-09-07 04:21:08.945] [INFO ] [kafka-producer-network-thread | producer-1] org.apache.kafka.clients.NetworkClient [Producer clientId=producer-1] Cancelled in-flight METADATA request with correlation id 123 due to node 1001 being disconnected (elapsed time since creation: 932309ms, elapsed time since send: 932309ms, request timeout: 30000ms)
[2023-09-07 04:38:24.224] [WARN ] [HikariPool-1 housekeeper] com.zaxxer.hikari.pool.HikariPool HikariPool-1 - Thread starvation or clock leap detected (housekeeper delta=1h5m52s717ms).
[2023-09-07 05:42:17.095] [INFO ] [kafka-producer-network-thread | producer-1] org.apache.kafka.clients.NetworkClient [Producer clientId=producer-1] Node 1001 disconnected.
[2023-09-07 05:42:17.099] [INFO ] [kafka-producer-network-thread | producer-1] org.apache.kafka.clients.NetworkClient [Producer clientId=producer-1] Cancelled in-flight METADATA request with correlation id 126 due to node 1001 being disconnected (elapsed time since creation: 946178ms, elapsed time since send: 946178ms, request timeout: 30000ms)
[2023-09-07 05:42:19.899] [WARN ] [HikariPool-1 housekeeper] com.zaxxer.hikari.pool.HikariPool HikariPool-1 - Thread starvation or clock leap detected (housekeeper delta=1h3m55s674ms).
[2023-09-07 06:15:50.808] [INFO ] [kafka-admin-client-thread | adminclient-1] org.apache.kafka.clients.NetworkClient [AdminClient clientId=adminclient-1] Node 1001 disconnected.
[2023-09-07 06:51:15.466] [WARN ] [HikariPool-1 housekeeper] com.zaxxer.hikari.pool.HikariPool HikariPool-1 - Thread starvation or clock leap detected (housekeeper delta=1h8m55s567ms).
[2023-09-07 07:08:17.069] [INFO ] [kafka-producer-network-thread | producer-1] org.apache.kafka.clients.NetworkClient [Producer clientId=producer-1] Node 1001 disconnected.
[2023-09-07 07:08:17.070] [INFO ] [kafka-producer-network-thread | producer-1] org.apache.kafka.clients.NetworkClient [Producer clientId=producer-1] Cancelled in-flight METADATA request with correlation id 129 due to node 1001 being disconnected (elapsed time since creation: 1024306ms, elapsed time since send: 1024306ms, request timeout: 30000ms)
[2023-09-07 08:16:50.965] [WARN ] [HikariPool-1 housekeeper] com.zaxxer.hikari.pool.HikariPool HikariPool-1 - Thread starvation or clock leap detected (housekeeper delta=1h25m35s480ms).
[2023-09-07 08:32:15.288] [INFO ] [kafka-producer-network-thread | producer-1] org.apache.kafka.clients.NetworkClient [Producer clientId=producer-1] Node 1001 disconnected.
[2023-09-07 08:32:15.290] [INFO ] [kafka-producer-network-thread | producer-1] org.apache.kafka.clients.NetworkClient [Producer clientId=producer-1] Cancelled in-flight METADATA request with correlation id 132 due to node 1001 being disconnected (elapsed time since creation: 921553ms, elapsed time since send: 921553ms, request timeout: 30000ms)
[2023-09-07 08:48:26.884] [INFO ] [kafka-producer-network-thread | producer-1] org.apache.kafka.clients.NetworkClient [Producer clientId=producer-1] Disconnecting from node 1001 due to socket connection setup timeout. The timeout value is 10050 ms.
[2023-09-07 08:57:20.602] [WARN ] [HikariPool-1 housekeeper] com.zaxxer.hikari.pool.HikariPool HikariPool-1 - Thread starvation or clock leap detected (housekeeper delta=40m29s656ms).
[2023-09-07 10:05:20.065] [WARN ] [HikariPool-1 housekeeper] com.zaxxer.hikari.pool.HikariPool HikariPool-1 - Thread starvation or clock leap detected (housekeeper delta=1h7m59s463ms).
[2023-09-07 10:54:45.852] [INFO ] [kafka-producer-network-thread | producer-1] org.apache.kafka.clients.NetworkClient [Producer clientId=producer-1] Disconnecting from node 1001 due to request timeout.
[2023-09-07 10:54:45.861] [INFO ] [kafka-producer-network-thread | producer-1] org.apache.kafka.clients.NetworkClient [Producer clientId=producer-1] Cancelled in-flight METADATA request with correlation id 135 due to node 1001 being disconnected (elapsed time since creation: 4935656ms, elapsed time since send: 4935656ms, request timeout: 30000ms)
[2023-09-07 11:30:06.339] [WARN ] [HikariPool-1 housekeeper] com.zaxxer.hikari.pool.HikariPool HikariPool-1 - Thread starvation or clock leap detected (housekeeper delta=1h24m46s271ms).
[2023-09-07 11:33:35.596] [WARN ] [HikariPool-1 housekeeper] com.zaxxer.hikari.pool.HikariPool HikariPool-1 - Thread starvation or clock leap detected (housekeeper delta=3m29s261ms).
[2023-09-07 11:33:51.322] [INFO ] [kafka-producer-network-thread | producer-1] org.apache.kafka.clients.NetworkClient [Producer clientId=producer-1] Disconnecting from node 1001 due to request timeout.
[2023-09-07 11:33:51.326] [INFO ] [kafka-producer-network-thread | producer-1] org.apache.kafka.clients.NetworkClient [Producer clientId=producer-1] Cancelled in-flight METADATA request with correlation id 138 due to node 1001 being disconnected (elapsed time since creation: 30027ms, elapsed time since send: 30027ms, request timeout: 30000ms)
[2023-09-07 11:51:21.432] [INFO ] [kafka-producer-network-thread | producer-1] org.apache.kafka.clients.NetworkClient [Producer clientId=producer-1] Node 1001 disconnected.
[2023-09-07 11:51:21.435] [INFO ] [kafka-producer-network-thread | producer-1] org.apache.kafka.clients.NetworkClient [Producer clientId=producer-1] Cancelled in-flight METADATA request with correlation id 141 due to node 1001 being disconnected (elapsed time since creation: 62ms, elapsed time since send: 62ms, request timeout: 30000ms)
[2023-09-07 12:19:51.972] [WARN ] [HikariPool-1 housekeeper] com.zaxxer.hikari.pool.HikariPool HikariPool-1 - Thread starvation or clock leap detected (housekeeper delta=45m46s370ms).
[2023-09-07 12:45:41.407] [WARN ] [HikariPool-1 housekeeper] com.zaxxer.hikari.pool.HikariPool HikariPool-1 - Thread starvation or clock leap detected (housekeeper delta=25m49s417ms).
[2023-09-07 12:45:48.017] [INFO ] [kafka-producer-network-thread | producer-1] org.apache.kafka.clients.NetworkClient [Producer clientId=producer-1] Node 1001 disconnected.
[2023-09-07 12:45:48.027] [INFO ] [kafka-producer-network-thread | producer-1] org.apache.kafka.clients.NetworkClient [Producer clientId=producer-1] Cancelled in-flight METADATA request with correlation id 144 due to node 1001 being disconnected (elapsed time since creation: 465947ms, elapsed time since send: 465947ms, request timeout: 30000ms)
[2023-09-07 12:46:27.312] [INFO ] [kafka-admin-client-thread | adminclient-1] org.apache.kafka.clients.NetworkClient [AdminClient clientId=adminclient-1] Node 1001 disconnected.
[2023-09-07 12:51:27.510] [INFO ] [kafka-admin-client-thread | adminclient-1] org.apache.kafka.clients.NetworkClient [AdminClient clientId=adminclient-1] Node 1001 disconnected.
[2023-09-07 12:56:27.779] [INFO ] [kafka-admin-client-thread | adminclient-1] org.apache.kafka.clients.NetworkClient [AdminClient clientId=adminclient-1] Node 1001 disconnected.
[2023-09-07 13:01:28.030] [INFO ] [kafka-admin-client-thread | adminclient-1] org.apache.kafka.clients.NetworkClient [AdminClient clientId=adminclient-1] Node 1001 disconnected.
